Time resolution is 1 ps
WARNING: File mem_files/weights_l1.mem referenced from process on D:/Rahul/Projects/FRESH/MNIST_BNN/mnist_verilog/project_1/project_1.srcs/sources_1/new/top.v at line 69 cannot be opened for reading. Please ensure that this file is available in the current working directory or parent directory of xsim.dir location specified via -xsimdir switch.
WARNING: File mem_files/weights_l2.mem referenced from process on D:/Rahul/Projects/FRESH/MNIST_BNN/mnist_verilog/project_1/project_1.srcs/sources_1/new/top.v at line 69 cannot be opened for reading. Please ensure that this file is available in the current working directory or parent directory of xsim.dir location specified via -xsimdir switch.
WARNING: File mem_files/thresh_l1.mem referenced from process on D:/Rahul/Projects/FRESH/MNIST_BNN/mnist_verilog/project_1/project_1.srcs/sources_1/new/top.v at line 69 cannot be opened for reading. Please ensure that this file is available in the current working directory or parent directory of xsim.dir location specified via -xsimdir switch.
WARNING: File mem_files/thresh_l2.mem referenced from process on D:/Rahul/Projects/FRESH/MNIST_BNN/mnist_verilog/project_1/project_1.srcs/sources_1/new/top.v at line 69 cannot be opened for reading. Please ensure that this file is available in the current working directory or parent directory of xsim.dir location specified via -xsimdir switch.
WARNING: File mem_files/weights_out.mem referenced from process on D:/Rahul/Projects/FRESH/MNIST_BNN/mnist_verilog/project_1/project_1.srcs/sources_1/new/top.v at line 69 cannot be opened for reading. Please ensure that this file is available in the current working directory or parent directory of xsim.dir location specified via -xsimdir switch.
WARNING: File mem_files/bias_out.mem referenced from process on D:/Rahul/Projects/FRESH/MNIST_BNN/mnist_verilog/project_1/project_1.srcs/sources_1/new/top.v at line 69 cannot be opened for reading. Please ensure that this file is available in the current working directory or parent directory of xsim.dir location specified via -xsimdir switch.
WARNING: File mem_files/test_image_0.mem referenced from process on D:/Rahul/Projects/FRESH/MNIST_BNN/mnist_verilog/project_1/project_1.srcs/sim_1/new/tb.v at line 91 cannot be opened for reading. Please ensure that this file is available in the current working directory or parent directory of xsim.dir location specified via -xsimdir switch.
WARNING: File mem_files/test_image_1.mem referenced from process on D:/Rahul/Projects/FRESH/MNIST_BNN/mnist_verilog/project_1/project_1.srcs/sim_1/new/tb.v at line 91 cannot be opened for reading. Please ensure that this file is available in the current working directory or parent directory of xsim.dir location specified via -xsimdir switch.
WARNING: File mem_files/test_image_2.mem referenced from process on D:/Rahul/Projects/FRESH/MNIST_BNN/mnist_verilog/project_1/project_1.srcs/sim_1/new/tb.v at line 91 cannot be opened for reading. Please ensure that this file is available in the current working directory or parent directory of xsim.dir location specified via -xsimdir switch.
WARNING: File mem_files/test_image_3.mem referenced from process on D:/Rahul/Projects/FRESH/MNIST_BNN/mnist_verilog/project_1/project_1.srcs/sim_1/new/tb.v at line 91 cannot be opened for reading. Please ensure that this file is available in the current working directory or parent directory of xsim.dir location specified via -xsimdir switch.
WARNING: File mem_files/test_image_4.mem referenced from process on D:/Rahul/Projects/FRESH/MNIST_BNN/mnist_verilog/project_1/project_1.srcs/sim_1/new/tb.v at line 91 cannot be opened for reading. Please ensure that this file is available in the current working directory or parent directory of xsim.dir location specified via -xsimdir switch.
WARNING: File mem_files/test_image_5.mem referenced from process on D:/Rahul/Projects/FRESH/MNIST_BNN/mnist_verilog/project_1/project_1.srcs/sim_1/new/tb.v at line 91 cannot be opened for reading. Please ensure that this file is available in the current working directory or parent directory of xsim.dir location specified via -xsimdir switch.
WARNING: File mem_files/test_image_6.mem referenced from process on D:/Rahul/Projects/FRESH/MNIST_BNN/mnist_verilog/project_1/project_1.srcs/sim_1/new/tb.v at line 91 cannot be opened for reading. Please ensure that this file is available in the current working directory or parent directory of xsim.dir location specified via -xsimdir switch.
WARNING: File mem_files/test_image_7.mem referenced from process on D:/Rahul/Projects/FRESH/MNIST_BNN/mnist_verilog/project_1/project_1.srcs/sim_1/new/tb.v at line 91 cannot be opened for reading. Please ensure that this file is available in the current working directory or parent directory of xsim.dir location specified via -xsimdir switch.
WARNING: File mem_files/test_image_8.mem referenced from process on D:/Rahul/Projects/FRESH/MNIST_BNN/mnist_verilog/project_1/project_1.srcs/sim_1/new/tb.v at line 91 cannot be opened for reading. Please ensure that this file is available in the current working directory or parent directory of xsim.dir location specified via -xsimdir switch.
WARNING: File mem_files/test_image_9.mem referenced from process on D:/Rahul/Projects/FRESH/MNIST_BNN/mnist_verilog/project_1/project_1.srcs/sim_1/new/tb.v at line 91 cannot be opened for reading. Please ensure that this file is available in the current working directory or parent directory of xsim.dir location specified via -xsimdir switch.

=================================================================
  BNN Inference Testbench
  Architecture : 784 -> 512 -> 256 -> 10 -> argmax -> 4-bit
  Clock        : 100 MHz  |  Latency target : ~782 cycles
=================================================================

  Phase 1 - All digits
    Dig  Expected  Got   #  Cycles  Status
    ---  --------  ---  --  ------  ------
